<?xml version="1.0" encoding="UTF-8"?>
<!-- Generated by org.testng.reporters.JUnitReportReporter -->
<testsuite hostname="LAPTOP-MM2SMBKA" failures="0" tests="2" name="Testscript.Amazontestcases" time="15.966" errors="0" timestamp="2025-02-06T21:02:34 IST" skipped="0">
  <testcase classname="Testscript.Amazontestcases" name="TC10" time="7.433"/>
  <testcase classname="Testscript.Amazontestcases" name="TC10" time="8.533"/>
</testsuite> <!-- Testscript.Amazontestcases -->
